<?xml version="1.0" encoding="utf-8"?><testsuites name="pytest tests"><testsuite name="pytest" errors="0" failures="0" skipped="0" tests="20" time="4.473" timestamp="2026-05-11T13:59:29.709844+00:00" hostname="agent-env-af93ccdd-bb3b-4703-8e38-a0ef9bb9ecc0"><testcase classname="backend.tests.test_ritri_backend" name="test_health" time="0.409" /><testcase classname="backend.tests.test_ritri_backend" name="test_list_vehicles_seeded" time="0.224" /><testcase classname="backend.tests.test_ritri_backend" name="test_filter_motor" time="0.195" /><testcase classname="backend.tests.test_ritri_backend" name="test_filter_mobil" time="0.176" /><testcase classname="backend.tests.test_ritri_backend" name="test_filter_featured" time="0.148" /><testcase classname="backend.tests.test_ritri_backend" name="test_get_vehicle_by_id" time="0.339" /><testcase classname="backend.tests.test_ritri_backend" name="test_get_vehicle_404" time="0.144" /><testcase classname="backend.tests.test_ritri_backend" name="test_create_lead_gadai" time="0.128" /><testcase classname="backend.tests.test_ritri_backend" name="test_create_lead_beli" time="0.119" /><testcase classname="backend.tests.test_ritri_backend" name="test_create_lead_kontak" time="0.117" /><testcase classname="backend.tests.test_ritri_backend" name="test_admin_login_wrong" time="0.115" /><testcase classname="backend.tests.test_ritri_backend" name="test_admin_me_requires_auth" time="0.201" /><testcase classname="backend.tests.test_ritri_backend" name="test_admin_me_with_token" time="0.234" /><testcase classname="backend.tests.test_ritri_backend" name="test_admin_stats" time="0.125" /><testcase classname="backend.tests.test_ritri_backend" name="test_leads_list_requires_auth" time="0.137" /><testcase classname="backend.tests.test_ritri_backend" name="test_leads_list_with_auth" time="0.124" /><testcase classname="backend.tests.test_ritri_backend" name="test_vehicles_create_requires_auth" time="0.122" /><testcase classname="backend.tests.test_ritri_backend" name="test_vehicle_crud_flow" time="0.768" /><testcase classname="backend.tests.test_ritri_backend" name="test_lead_delete_requires_auth" time="0.109" /><testcase classname="backend.tests.test_ritri_backend" name="test_lead_create_and_delete" time="0.389" /></testsuite></testsuites>